running egg_info
creating build/turtle_draw/turtle_draw.egg-info
writing build/turtle_draw/turtle_draw.egg-info/PKG-INFO
writing dependency_links to build/turtle_draw/turtle_draw.egg-info/dependency_links.txt
writing entry points to build/turtle_draw/turtle_draw.egg-info/entry_points.txt
writing requirements to build/turtle_draw/turtle_draw.egg-info/requires.txt
writing top-level names to build/turtle_draw/turtle_draw.egg-info/top_level.txt
writing manifest file 'build/turtle_draw/turtle_draw.egg-info/SOURCES.txt'
reading manifest file 'build/turtle_draw/turtle_draw.egg-info/SOURCES.txt'
writing manifest file 'build/turtle_draw/turtle_draw.egg-info/SOURCES.txt'
running build
running build_py
creating /src/task2/turtle_draw/build/turtle_draw/build
creating /src/task2/turtle_draw/build/turtle_draw/build/lib
creating /src/task2/turtle_draw/build/turtle_draw/build/lib/turtle_draw
copying turtle_draw/__init__.py -> /src/task2/turtle_draw/build/turtle_draw/build/lib/turtle_draw
copying turtle_draw/circle_drawer.py -> /src/task2/turtle_draw/build/turtle_draw/build/lib/turtle_draw
running install
running install_lib
creating /src/task2/turtle_draw/install/turtle_draw/lib/python3.10/site-packages/turtle_draw
copying /src/task2/turtle_draw/build/turtle_draw/build/lib/turtle_draw/__init__.py -> /src/task2/turtle_draw/install/turtle_draw/lib/python3.10/site-packages/turtle_draw
copying /src/task2/turtle_draw/build/turtle_draw/build/lib/turtle_draw/circle_drawer.py -> /src/task2/turtle_draw/install/turtle_draw/lib/python3.10/site-packages/turtle_draw
byte-compiling /src/task2/turtle_draw/install/turtle_draw/lib/python3.10/site-packages/turtle_draw/__init__.py to __init__.cpython-310.pyc
byte-compiling /src/task2/turtle_draw/install/turtle_draw/lib/python3.10/site-packages/turtle_draw/circle_drawer.py to circle_drawer.cpython-310.pyc
running install_data
creating /src/task2/turtle_draw/install/turtle_draw/share/ament_index
creating /src/task2/turtle_draw/install/turtle_draw/share/ament_index/resource_index
creating /src/task2/turtle_draw/install/turtle_draw/share/ament_index/resource_index/packages
copying resource/turtle_draw -> /src/task2/turtle_draw/install/turtle_draw/share/ament_index/resource_index/packages
copying package.xml -> /src/task2/turtle_draw/install/turtle_draw/share/turtle_draw
running install_egg_info
Copying build/turtle_draw/turtle_draw.egg-info to /src/task2/turtle_draw/install/turtle_draw/lib/python3.10/site-packages/turtle_draw-0.0.0-py3.10.egg-info
running install_scripts
Installing circle_drawer script to /src/task2/turtle_draw/install/turtle_draw/lib/turtle_draw
writing list of installed files to '/src/task2/turtle_draw/build/turtle_draw/install.log'
