[0.630s] Invoking command in '/src/task2/turtle_draw': PYTHONPATH=/src/task2/turtle_draw/build/turtle_draw/prefix_override:/usr/lib/python3/dist-packages/colcon_core/task/python/colcon_distutils_commands:/src/task2/turtle_draw/install/turtle_draw/lib/python3.10/site-packages:${PYTHONPATH} /usr/bin/python3 -W ignore:setup.py install is deprecated -W ignore:easy_install command is deprecated setup.py egg_info --egg-base build/turtle_draw build --build-base /src/task2/turtle_draw/build/turtle_draw/build install --record /src/task2/turtle_draw/build/turtle_draw/install.log --single-version-externally-managed install_data
[0.854s] running egg_info
[0.855s] creating build/turtle_draw/turtle_draw.egg-info
[0.855s] writing build/turtle_draw/turtle_draw.egg-info/PKG-INFO
[0.856s] writing dependency_links to build/turtle_draw/turtle_draw.egg-info/dependency_links.txt
[0.856s] writing entry points to build/turtle_draw/turtle_draw.egg-info/entry_points.txt
[0.856s] writing requirements to build/turtle_draw/turtle_draw.egg-info/requires.txt
[0.856s] writing top-level names to build/turtle_draw/turtle_draw.egg-info/top_level.txt
[0.857s] writing manifest file 'build/turtle_draw/turtle_draw.egg-info/SOURCES.txt'
[0.858s] reading manifest file 'build/turtle_draw/turtle_draw.egg-info/SOURCES.txt'
[0.859s] writing manifest file 'build/turtle_draw/turtle_draw.egg-info/SOURCES.txt'
[0.859s] running build
[0.859s] running build_py
[0.859s] creating /src/task2/turtle_draw/build/turtle_draw/build
[0.860s] creating /src/task2/turtle_draw/build/turtle_draw/build/lib
[0.860s] creating /src/task2/turtle_draw/build/turtle_draw/build/lib/turtle_draw
[0.860s] copying turtle_draw/__init__.py -> /src/task2/turtle_draw/build/turtle_draw/build/lib/turtle_draw
[0.860s] copying turtle_draw/circle_drawer.py -> /src/task2/turtle_draw/build/turtle_draw/build/lib/turtle_draw
[0.861s] running install
[0.861s] running install_lib
[0.862s] creating /src/task2/turtle_draw/install/turtle_draw/lib/python3.10/site-packages/turtle_draw
[0.862s] copying /src/task2/turtle_draw/build/turtle_draw/build/lib/turtle_draw/__init__.py -> /src/task2/turtle_draw/install/turtle_draw/lib/python3.10/site-packages/turtle_draw
[0.863s] copying /src/task2/turtle_draw/build/turtle_draw/build/lib/turtle_draw/circle_drawer.py -> /src/task2/turtle_draw/install/turtle_draw/lib/python3.10/site-packages/turtle_draw
[0.864s] byte-compiling /src/task2/turtle_draw/install/turtle_draw/lib/python3.10/site-packages/turtle_draw/__init__.py to __init__.cpython-310.pyc
[0.864s] byte-compiling /src/task2/turtle_draw/install/turtle_draw/lib/python3.10/site-packages/turtle_draw/circle_drawer.py to circle_drawer.cpython-310.pyc
[0.865s] running install_data
[0.865s] creating /src/task2/turtle_draw/install/turtle_draw/share/ament_index
[0.865s] creating /src/task2/turtle_draw/install/turtle_draw/share/ament_index/resource_index
[0.866s] creating /src/task2/turtle_draw/install/turtle_draw/share/ament_index/resource_index/packages
[0.866s] copying resource/turtle_draw -> /src/task2/turtle_draw/install/turtle_draw/share/ament_index/resource_index/packages
[0.866s] copying package.xml -> /src/task2/turtle_draw/install/turtle_draw/share/turtle_draw
[0.866s] running install_egg_info
[0.870s] Copying build/turtle_draw/turtle_draw.egg-info to /src/task2/turtle_draw/install/turtle_draw/lib/python3.10/site-packages/turtle_draw-0.0.0-py3.10.egg-info
[0.871s] running install_scripts
[0.901s] Installing circle_drawer script to /src/task2/turtle_draw/install/turtle_draw/lib/turtle_draw
[0.903s] writing list of installed files to '/src/task2/turtle_draw/build/turtle_draw/install.log'
[0.932s] Invoked command in '/src/task2/turtle_draw' returned '0': PYTHONPATH=/src/task2/turtle_draw/build/turtle_draw/prefix_override:/usr/lib/python3/dist-packages/colcon_core/task/python/colcon_distutils_commands:/src/task2/turtle_draw/install/turtle_draw/lib/python3.10/site-packages:${PYTHONPATH} /usr/bin/python3 -W ignore:setup.py install is deprecated -W ignore:easy_install command is deprecated setup.py egg_info --egg-base build/turtle_draw build --build-base /src/task2/turtle_draw/build/turtle_draw/build install --record /src/task2/turtle_draw/build/turtle_draw/install.log --single-version-externally-managed install_data
