[0.549s] DEBUG:colcon:Command line arguments: ['/usr/bin/colcon', 'build']
[0.549s] DEBUG:colcon:Parsed command line arguments: Namespace(log_base=None, log_level=None, verb_name='build', build_base='build', install_base='install', merge_install=False, symlink_install=False, test_result_base=None, continue_on_error=False, executor='parallel', parallel_workers=28, event_handlers=None, ignore_user_meta=False, metas=['./colcon.meta'], base_paths=['.'], packages_ignore=None, packages_ignore_regex=None, paths=None, packages_up_to=None, packages_up_to_regex=None, packages_above=None, packages_above_and_dependencies=None, packages_above_depth=None, packages_select_by_dep=None, packages_skip_by_dep=None, packages_skip_up_to=None, packages_select_build_failed=False, packages_skip_build_finished=False, packages_select_test_failures=False, packages_skip_test_passed=False, packages_select=None, packages_skip=None, packages_select_regex=None, packages_skip_regex=None, packages_start=None, packages_end=None, cmake_args=None, cmake_target=None, cmake_target_skip_unavailable=False, cmake_clean_cache=False, cmake_clean_first=False, cmake_force_configure=False, ament_cmake_args=None, catkin_cmake_args=None, catkin_skip_building_tests=False, verb_parser=<colcon_defaults.argument_parser.defaults.DefaultArgumentsDecorator object at 0x71cdaa30b170>, verb_extension=<colcon_core.verb.build.BuildVerb object at 0x71cdaa30aea0>, main=<bound method BuildVerb.main of <colcon_core.verb.build.BuildVerb object at 0x71cdaa30aea0>>)
[0.708s] Level 1:colcon.colcon_core.package_discovery:discover_packages(colcon_meta) check parameters
[0.709s] Level 1:colcon.colcon_core.package_discovery:discover_packages(recursive) check parameters
[0.709s] Level 1:colcon.colcon_core.package_discovery:discover_packages(ignore) check parameters
[0.709s] Level 1:colcon.colcon_core.package_discovery:discover_packages(path) check parameters
[0.709s] Level 1:colcon.colcon_core.package_discovery:discover_packages(colcon_meta) discover
[0.709s] Level 1:colcon.colcon_core.package_discovery:discover_packages(recursive) discover
[0.709s] INFO:colcon.colcon_core.package_discovery:Crawling recursively for packages in '/home/dhruv/Dhruv-Reddy-Salla-2025A4PS0430H-2025-sem1-cni-inductions/src/task2/turtle_draw'
[0.709s] Level 1:colcon.colcon_core.package_identification:_identify(.) by extensions ['ignore', 'ignore_ament_install']
[0.709s] Level 1:colcon.colcon_core.package_identification:_identify(.) by extension 'ignore'
[0.709s] Level 1:colcon.colcon_core.package_identification:_identify(.) by extension 'ignore_ament_install'
[0.709s] Level 1:colcon.colcon_core.package_identification:_identify(.) by extensions ['colcon_pkg']
[0.709s] Level 1:colcon.colcon_core.package_identification:_identify(.) by extension 'colcon_pkg'
[0.709s] Level 1:colcon.colcon_core.package_identification:_identify(.) by extensions ['colcon_meta']
[0.709s] Level 1:colcon.colcon_core.package_identification:_identify(.) by extension 'colcon_meta'
[0.709s] Level 1:colcon.colcon_core.package_identification:_identify(.) by extensions ['ros']
[0.709s] Level 1:colcon.colcon_core.package_identification:_identify(.) by extension 'ros'
[0.769s] DEBUG:colcon.colcon_core.package_identification:Package '.' with type 'ros.ament_python' and name 'turtle_draw'
[0.770s] Level 1:colcon.colcon_core.package_discovery:discover_packages(recursive) using defaults
[0.770s] Level 1:colcon.colcon_core.package_discovery:discover_packages(ignore) discover
[0.770s] Level 1:colcon.colcon_core.package_discovery:discover_packages(ignore) using defaults
[0.770s] Level 1:colcon.colcon_core.package_discovery:discover_packages(path) discover
[0.770s] Level 1:colcon.colcon_core.package_discovery:discover_packages(path) using defaults
[0.843s] Level 5:colcon.colcon_core.verb:set package 'turtle_draw' build argument 'cmake_args' from command line to 'None'
[0.844s] Level 5:colcon.colcon_core.verb:set package 'turtle_draw' build argument 'cmake_target' from command line to 'None'
[0.844s] Level 5:colcon.colcon_core.verb:set package 'turtle_draw' build argument 'cmake_target_skip_unavailable' from command line to 'False'
[0.844s] Level 5:colcon.colcon_core.verb:set package 'turtle_draw' build argument 'cmake_clean_cache' from command line to 'False'
[0.844s] Level 5:colcon.colcon_core.verb:set package 'turtle_draw' build argument 'cmake_clean_first' from command line to 'False'
[0.844s] Level 5:colcon.colcon_core.verb:set package 'turtle_draw' build argument 'cmake_force_configure' from command line to 'False'
[0.844s] Level 5:colcon.colcon_core.verb:set package 'turtle_draw' build argument 'ament_cmake_args' from command line to 'None'
[0.844s] Level 5:colcon.colcon_core.verb:set package 'turtle_draw' build argument 'catkin_cmake_args' from command line to 'None'
[0.844s] Level 5:colcon.colcon_core.verb:set package 'turtle_draw' build argument 'catkin_skip_building_tests' from command line to 'False'
[0.844s] DEBUG:colcon.colcon_core.verb:Building package 'turtle_draw' with the following arguments: {'ament_cmake_args': None, 'build_base': '/home/dhruv/Dhruv-Reddy-Salla-2025A4PS0430H-2025-sem1-cni-inductions/src/task2/turtle_draw/build/turtle_draw', 'catkin_cmake_args': None, 'catkin_skip_building_tests': False, 'cmake_args': None, 'cmake_clean_cache': False, 'cmake_clean_first': False, 'cmake_force_configure': False, 'cmake_target': None, 'cmake_target_skip_unavailable': False, 'install_base': '/home/dhruv/Dhruv-Reddy-Salla-2025A4PS0430H-2025-sem1-cni-inductions/src/task2/turtle_draw/install/turtle_draw', 'merge_install': False, 'path': '/home/dhruv/Dhruv-Reddy-Salla-2025A4PS0430H-2025-sem1-cni-inductions/src/task2/turtle_draw', 'symlink_install': False, 'test_result_base': None}
[0.851s] INFO:colcon.colcon_core.executor:Executing jobs using 'parallel' executor
[0.859s] DEBUG:colcon.colcon_parallel_executor.executor.parallel:run_until_complete
[0.860s] INFO:colcon.colcon_ros.task.ament_python.build:Building ROS package in '/home/dhruv/Dhruv-Reddy-Salla-2025A4PS0430H-2025-sem1-cni-inductions/src/task2/turtle_draw' with build type 'ament_python'
[0.860s] Level 1:colcon.colcon_core.shell:create_environment_hook('turtle_draw', 'ament_prefix_path')
[0.870s] INFO:colcon.colcon_core.plugin_system:Skipping extension 'colcon_core.shell.bat': Not used on non-Windows systems
[0.870s] INFO:colcon.colcon_core.shell:Creating environment descriptor '/home/dhruv/Dhruv-Reddy-Salla-2025A4PS0430H-2025-sem1-cni-inductions/src/task2/turtle_draw/install/turtle_draw/share/turtle_draw/hook/ament_prefix_path.dsv'
[0.871s] INFO:colcon.colcon_core.shell:Creating environment hook '/home/dhruv/Dhruv-Reddy-Salla-2025A4PS0430H-2025-sem1-cni-inductions/src/task2/turtle_draw/install/turtle_draw/share/turtle_draw/hook/ament_prefix_path.sh'
[0.881s] DEBUG:colcon.colcon_core.shell:Skip shell extension 'dsv' for command environment
[1.142s] INFO:colcon.colcon_core.task.python.build:Building Python package in '/home/dhruv/Dhruv-Reddy-Salla-2025A4PS0430H-2025-sem1-cni-inductions/src/task2/turtle_draw'
[1.151s] DEBUG:colcon.colcon_core.shell:Skip shell extension 'dsv' for command environment
[1.884s] DEBUG:colcon.colcon_core.event_handler.log_command:Invoking command in '/home/dhruv/Dhruv-Reddy-Salla-2025A4PS0430H-2025-sem1-cni-inductions/src/task2/turtle_draw': PYTHONPATH=/home/dhruv/Dhruv-Reddy-Salla-2025A4PS0430H-2025-sem1-cni-inductions/src/task2/turtle_draw/build/turtle_draw/prefix_override:/home/dhruv/Dhruv-Reddy-Salla-2025A4PS0430H-2025-sem1-cni-inductions/src/task2/turtle_draw/install/turtle_draw/lib/python3.12/site-packages: /usr/bin/python3 setup.py egg_info --egg-base build/turtle_draw build --build-base /home/dhruv/Dhruv-Reddy-Salla-2025A4PS0430H-2025-sem1-cni-inductions/src/task2/turtle_draw/build/turtle_draw/build install --record /home/dhruv/Dhruv-Reddy-Salla-2025A4PS0430H-2025-sem1-cni-inductions/src/task2/turtle_draw/build/turtle_draw/install.log --single-version-externally-managed
[2.278s] DEBUG:colcon.colcon_core.event_handler.log_command:Invoked command in '/home/dhruv/Dhruv-Reddy-Salla-2025A4PS0430H-2025-sem1-cni-inductions/src/task2/turtle_draw' returned '0': PYTHONPATH=/home/dhruv/Dhruv-Reddy-Salla-2025A4PS0430H-2025-sem1-cni-inductions/src/task2/turtle_draw/build/turtle_draw/prefix_override:/home/dhruv/Dhruv-Reddy-Salla-2025A4PS0430H-2025-sem1-cni-inductions/src/task2/turtle_draw/install/turtle_draw/lib/python3.12/site-packages: /usr/bin/python3 setup.py egg_info --egg-base build/turtle_draw build --build-base /home/dhruv/Dhruv-Reddy-Salla-2025A4PS0430H-2025-sem1-cni-inductions/src/task2/turtle_draw/build/turtle_draw/build install --record /home/dhruv/Dhruv-Reddy-Salla-2025A4PS0430H-2025-sem1-cni-inductions/src/task2/turtle_draw/build/turtle_draw/install.log --single-version-externally-managed
[2.289s] Level 1:colcon.colcon_core.environment:checking '/home/dhruv/Dhruv-Reddy-Salla-2025A4PS0430H-2025-sem1-cni-inductions/src/task2/turtle_draw/install/turtle_draw' for CMake module files
[2.290s] Level 1:colcon.colcon_core.environment:checking '/home/dhruv/Dhruv-Reddy-Salla-2025A4PS0430H-2025-sem1-cni-inductions/src/task2/turtle_draw/install/turtle_draw' for CMake config files
[2.291s] Level 1:colcon.colcon_core.environment:checking '/home/dhruv/Dhruv-Reddy-Salla-2025A4PS0430H-2025-sem1-cni-inductions/src/task2/turtle_draw/install/turtle_draw/lib'
[2.291s] Level 1:colcon.colcon_core.environment:checking '/home/dhruv/Dhruv-Reddy-Salla-2025A4PS0430H-2025-sem1-cni-inductions/src/task2/turtle_draw/install/turtle_draw/bin'
[2.291s] Level 1:colcon.colcon_core.environment:checking '/home/dhruv/Dhruv-Reddy-Salla-2025A4PS0430H-2025-sem1-cni-inductions/src/task2/turtle_draw/install/turtle_draw/lib/pkgconfig/turtle_draw.pc'
[2.292s] Level 1:colcon.colcon_core.environment:checking '/home/dhruv/Dhruv-Reddy-Salla-2025A4PS0430H-2025-sem1-cni-inductions/src/task2/turtle_draw/install/turtle_draw/lib/python3.12/site-packages'
[2.292s] Level 1:colcon.colcon_core.shell:create_environment_hook('turtle_draw', 'pythonpath')
[2.300s] INFO:colcon.colcon_core.shell:Creating environment descriptor '/home/dhruv/Dhruv-Reddy-Salla-2025A4PS0430H-2025-sem1-cni-inductions/src/task2/turtle_draw/install/turtle_draw/share/turtle_draw/hook/pythonpath.dsv'
[2.301s] INFO:colcon.colcon_core.shell:Creating environment hook '/home/dhruv/Dhruv-Reddy-Salla-2025A4PS0430H-2025-sem1-cni-inductions/src/task2/turtle_draw/install/turtle_draw/share/turtle_draw/hook/pythonpath.sh'
[2.301s] Level 1:colcon.colcon_core.environment:checking '/home/dhruv/Dhruv-Reddy-Salla-2025A4PS0430H-2025-sem1-cni-inductions/src/task2/turtle_draw/install/turtle_draw/bin'
[2.301s] Level 1:colcon.colcon_core.environment:create_environment_scripts_only(turtle_draw)
[2.309s] INFO:colcon.colcon_core.shell:Creating package descriptor '/home/dhruv/Dhruv-Reddy-Salla-2025A4PS0430H-2025-sem1-cni-inductions/src/task2/turtle_draw/install/turtle_draw/share/turtle_draw/package.dsv'
[2.310s] INFO:colcon.colcon_core.shell:Creating package script '/home/dhruv/Dhruv-Reddy-Salla-2025A4PS0430H-2025-sem1-cni-inductions/src/task2/turtle_draw/install/turtle_draw/share/turtle_draw/package.sh'
[2.311s] INFO:colcon.colcon_core.shell:Creating package script '/home/dhruv/Dhruv-Reddy-Salla-2025A4PS0430H-2025-sem1-cni-inductions/src/task2/turtle_draw/install/turtle_draw/share/turtle_draw/package.bash'
[2.312s] INFO:colcon.colcon_core.shell:Creating package script '/home/dhruv/Dhruv-Reddy-Salla-2025A4PS0430H-2025-sem1-cni-inductions/src/task2/turtle_draw/install/turtle_draw/share/turtle_draw/package.zsh'
[2.312s] Level 1:colcon.colcon_core.environment:create_file_with_runtime_dependencies(/home/dhruv/Dhruv-Reddy-Salla-2025A4PS0430H-2025-sem1-cni-inductions/src/task2/turtle_draw/install/turtle_draw/share/colcon-core/packages/turtle_draw)
[2.313s] DEBUG:colcon.colcon_parallel_executor.executor.parallel:closing loop
[2.314s] DEBUG:colcon.colcon_parallel_executor.executor.parallel:loop closed
[2.314s] DEBUG:colcon.colcon_parallel_executor.executor.parallel:run_until_complete finished with '0'
[2.314s] DEBUG:colcon.colcon_core.event_reactor:joining thread
[2.337s] INFO:colcon.colcon_core.plugin_system:Skipping extension 'colcon_notification.desktop_notification.notify_send': Could not find 'notify-send'
[2.337s] INFO:colcon.colcon_core.plugin_system:Skipping extension 'colcon_notification.desktop_notification.terminal_notifier': Not used on non-Darwin systems
[2.337s] INFO:colcon.colcon_core.plugin_system:Skipping extension 'colcon_notification.desktop_notification.win32': Not used on non-Windows systems
[2.337s] INFO:colcon.colcon_notification.desktop_notification:Sending desktop notification using 'notify2'
[2.350s] DEBUG:colcon.colcon_notification.desktop_notification.notify2:Failed to initialize notify2: org.freedesktop.DBus.Error.Spawn.ExecFailed: /usr/bin/dbus-launch terminated abnormally with the following error: Autolaunch error: X11 initialization failed.

[2.351s] DEBUG:colcon.colcon_core.event_reactor:joined thread
[2.360s] INFO:colcon.colcon_core.shell:Creating prefix script '/home/dhruv/Dhruv-Reddy-Salla-2025A4PS0430H-2025-sem1-cni-inductions/src/task2/turtle_draw/install/local_setup.sh'
[2.361s] INFO:colcon.colcon_core.shell:Creating prefix util module '/home/dhruv/Dhruv-Reddy-Salla-2025A4PS0430H-2025-sem1-cni-inductions/src/task2/turtle_draw/install/_local_setup_util_sh.py'
[2.362s] INFO:colcon.colcon_core.shell:Creating prefix chain script '/home/dhruv/Dhruv-Reddy-Salla-2025A4PS0430H-2025-sem1-cni-inductions/src/task2/turtle_draw/install/setup.sh'
[2.371s] INFO:colcon.colcon_core.shell:Creating prefix script '/home/dhruv/Dhruv-Reddy-Salla-2025A4PS0430H-2025-sem1-cni-inductions/src/task2/turtle_draw/install/local_setup.bash'
[2.372s] INFO:colcon.colcon_core.shell:Creating prefix chain script '/home/dhruv/Dhruv-Reddy-Salla-2025A4PS0430H-2025-sem1-cni-inductions/src/task2/turtle_draw/install/setup.bash'
[2.380s] INFO:colcon.colcon_core.shell:Creating prefix script '/home/dhruv/Dhruv-Reddy-Salla-2025A4PS0430H-2025-sem1-cni-inductions/src/task2/turtle_draw/install/local_setup.zsh'
[2.381s] INFO:colcon.colcon_core.shell:Creating prefix chain script '/home/dhruv/Dhruv-Reddy-Salla-2025A4PS0430H-2025-sem1-cni-inductions/src/task2/turtle_draw/install/setup.zsh'
