[0.174s] Invoking command in '/src/task3/turtle_draw': PYTHONPATH=/src/task3/turtle_draw/build/turtle_draw/prefix_override:/usr/lib/python3/dist-packages/colcon_core/task/python/colcon_distutils_commands:/src/task3/turtle_draw/install/turtle_draw/lib/python3.10/site-packages:${PYTHONPATH} /usr/bin/python3 -W ignore:setup.py install is deprecated -W ignore:easy_install command is deprecated setup.py egg_info --egg-base build/turtle_draw build --build-base /src/task3/turtle_draw/build/turtle_draw/build install --record /src/task3/turtle_draw/build/turtle_draw/install.log --single-version-externally-managed install_data
[0.237s] running egg_info
[0.238s] writing build/turtle_draw/turtle_draw.egg-info/PKG-INFO
[0.238s] writing dependency_links to build/turtle_draw/turtle_draw.egg-info/dependency_links.txt
[0.238s] writing entry points to build/turtle_draw/turtle_draw.egg-info/entry_points.txt
[0.238s] writing requirements to build/turtle_draw/turtle_draw.egg-info/requires.txt
[0.239s] writing top-level names to build/turtle_draw/turtle_draw.egg-info/top_level.txt
[0.240s] reading manifest file 'build/turtle_draw/turtle_draw.egg-info/SOURCES.txt'
[0.241s] writing manifest file 'build/turtle_draw/turtle_draw.egg-info/SOURCES.txt'
[0.241s] running build
[0.241s] running build_py
[0.241s] running install
[0.242s] running install_lib
[0.243s] running install_data
[0.243s] running install_egg_info
[0.243s] removing '/src/task3/turtle_draw/install/turtle_draw/lib/python3.10/site-packages/turtle_draw-0.0.0-py3.10.egg-info' (and everything under it)
[0.244s] Copying build/turtle_draw/turtle_draw.egg-info to /src/task3/turtle_draw/install/turtle_draw/lib/python3.10/site-packages/turtle_draw-0.0.0-py3.10.egg-info
[0.249s] running install_scripts
[0.257s] Installing boids_swarm script to /src/task3/turtle_draw/install/turtle_draw/lib/turtle_draw
[0.257s] writing list of installed files to '/src/task3/turtle_draw/build/turtle_draw/install.log'
[0.268s] Invoked command in '/src/task3/turtle_draw' returned '0': PYTHONPATH=/src/task3/turtle_draw/build/turtle_draw/prefix_override:/usr/lib/python3/dist-packages/colcon_core/task/python/colcon_distutils_commands:/src/task3/turtle_draw/install/turtle_draw/lib/python3.10/site-packages:${PYTHONPATH} /usr/bin/python3 -W ignore:setup.py install is deprecated -W ignore:easy_install command is deprecated setup.py egg_info --egg-base build/turtle_draw build --build-base /src/task3/turtle_draw/build/turtle_draw/build install --record /src/task3/turtle_draw/build/turtle_draw/install.log --single-version-externally-managed install_data
