running egg_info
creating ../../build/turtle_swarm/turtle_swarm.egg-info
writing ../../build/turtle_swarm/turtle_swarm.egg-info/PKG-INFO
writing dependency_links to ../../build/turtle_swarm/turtle_swarm.egg-info/dependency_links.txt
writing entry points to ../../build/turtle_swarm/turtle_swarm.egg-info/entry_points.txt
writing requirements to ../../build/turtle_swarm/turtle_swarm.egg-info/requires.txt
writing top-level names to ../../build/turtle_swarm/turtle_swarm.egg-info/top_level.txt
writing manifest file '../../build/turtle_swarm/turtle_swarm.egg-info/SOURCES.txt'
reading manifest file '../../build/turtle_swarm/turtle_swarm.egg-info/SOURCES.txt'
writing manifest file '../../build/turtle_swarm/turtle_swarm.egg-info/SOURCES.txt'
running build
running build_py
creating /src/build/turtle_swarm/build
creating /src/build/turtle_swarm/build/lib
creating /src/build/turtle_swarm/build/lib/turtle_swarm
copying turtle_swarm/swarm.py -> /src/build/turtle_swarm/build/lib/turtle_swarm
copying turtle_swarm/__init__.py -> /src/build/turtle_swarm/build/lib/turtle_swarm
running install
running install_lib
creating /src/install/turtle_swarm/lib/python3.10/site-packages/turtle_swarm
copying /src/build/turtle_swarm/build/lib/turtle_swarm/swarm.py -> /src/install/turtle_swarm/lib/python3.10/site-packages/turtle_swarm
copying /src/build/turtle_swarm/build/lib/turtle_swarm/__init__.py -> /src/install/turtle_swarm/lib/python3.10/site-packages/turtle_swarm
byte-compiling /src/install/turtle_swarm/lib/python3.10/site-packages/turtle_swarm/swarm.py to swarm.cpython-310.pyc
byte-compiling /src/install/turtle_swarm/lib/python3.10/site-packages/turtle_swarm/__init__.py to __init__.cpython-310.pyc
running install_data
creating /src/install/turtle_swarm/share/ament_index
creating /src/install/turtle_swarm/share/ament_index/resource_index
creating /src/install/turtle_swarm/share/ament_index/resource_index/packages
copying resource/turtle_swarm -> /src/install/turtle_swarm/share/ament_index/resource_index/packages
copying package.xml -> /src/install/turtle_swarm/share/turtle_swarm
running install_egg_info
Copying ../../build/turtle_swarm/turtle_swarm.egg-info to /src/install/turtle_swarm/lib/python3.10/site-packages/turtle_swarm-0.0.0-py3.10.egg-info
running install_scripts
Installing swarm_node script to /src/install/turtle_swarm/lib/turtle_swarm
writing list of installed files to '/src/build/turtle_swarm/install.log'
