[0.682s] Invoking command in '/src/task2/turtle_draw': PYTHONPATH=/src/task2/turtle_draw/build/turtle_draw/prefix_override:/usr/lib/python3/dist-packages/colcon_core/task/python/colcon_distutils_commands:/src/task2/turtle_draw/install/turtle_draw/lib/python3.10/site-packages:${PYTHONPATH} /usr/bin/python3 -W ignore:setup.py install is deprecated -W ignore:easy_install command is deprecated setup.py egg_info --egg-base build/turtle_draw build --build-base /src/task2/turtle_draw/build/turtle_draw/build install --record /src/task2/turtle_draw/build/turtle_draw/install.log --single-version-externally-managed install_data
[0.896s] running egg_info
[0.897s] creating build/turtle_draw/turtle_draw.egg-info
[0.898s] writing build/turtle_draw/turtle_draw.egg-info/PKG-INFO
[0.899s] writing dependency_links to build/turtle_draw/turtle_draw.egg-info/dependency_links.txt
[0.899s] writing entry points to build/turtle_draw/turtle_draw.egg-info/entry_points.txt
[0.899s] writing requirements to build/turtle_draw/turtle_draw.egg-info/requires.txt
[0.899s] writing top-level names to build/turtle_draw/turtle_draw.egg-info/top_level.txt
[0.900s] writing manifest file 'build/turtle_draw/turtle_draw.egg-info/SOURCES.txt'
[0.905s] reading manifest file 'build/turtle_draw/turtle_draw.egg-info/SOURCES.txt'
[0.905s] writing manifest file 'build/turtle_draw/turtle_draw.egg-info/SOURCES.txt'
[0.906s] running build
[0.906s] running build_py
[0.906s] creating /src/task2/turtle_draw/build/turtle_draw/build
[0.907s] creating /src/task2/turtle_draw/build/turtle_draw/build/lib
[0.908s] creating /src/task2/turtle_draw/build/turtle_draw/build/lib/turtle_draw
[0.908s] copying turtle_draw/__init__.py -> /src/task2/turtle_draw/build/turtle_draw/build/lib/turtle_draw
[0.909s] copying turtle_draw/circle_drawer.py -> /src/task2/turtle_draw/build/turtle_draw/build/lib/turtle_draw
[0.910s] running install
[0.910s] running install_lib
[0.911s] creating /src/task2/turtle_draw/install/turtle_draw/lib/python3.10/site-packages/turtle_draw
[0.912s] copying /src/task2/turtle_draw/build/turtle_draw/build/lib/turtle_draw/__init__.py -> /src/task2/turtle_draw/install/turtle_draw/lib/python3.10/site-packages/turtle_draw
[0.912s] copying /src/task2/turtle_draw/build/turtle_draw/build/lib/turtle_draw/circle_drawer.py -> /src/task2/turtle_draw/install/turtle_draw/lib/python3.10/site-packages/turtle_draw
[0.913s] byte-compiling /src/task2/turtle_draw/install/turtle_draw/lib/python3.10/site-packages/turtle_draw/__init__.py to __init__.cpython-310.pyc
[0.914s] byte-compiling /src/task2/turtle_draw/install/turtle_draw/lib/python3.10/site-packages/turtle_draw/circle_drawer.py to circle_drawer.cpython-310.pyc
[0.915s] running install_data
[0.916s] creating /src/task2/turtle_draw/install/turtle_draw/share/ament_index
[0.916s] creating /src/task2/turtle_draw/install/turtle_draw/share/ament_index/resource_index
[0.917s] creating /src/task2/turtle_draw/install/turtle_draw/share/ament_index/resource_index/packages
[0.918s] copying resource/turtle_draw -> /src/task2/turtle_draw/install/turtle_draw/share/ament_index/resource_index/packages
[0.918s] copying package.xml -> /src/task2/turtle_draw/install/turtle_draw/share/turtle_draw
[0.918s] running install_egg_info
[0.920s] Copying build/turtle_draw/turtle_draw.egg-info to /src/task2/turtle_draw/install/turtle_draw/lib/python3.10/site-packages/turtle_draw-0.0.0-py3.10.egg-info
[0.923s] running install_scripts
[0.948s] Installing circle_drawer script to /src/task2/turtle_draw/install/turtle_draw/lib/turtle_draw
[0.949s] writing list of installed files to '/src/task2/turtle_draw/build/turtle_draw/install.log'
[0.977s] Invoked command in '/src/task2/turtle_draw' returned '0': PYTHONPATH=/src/task2/turtle_draw/build/turtle_draw/prefix_override:/usr/lib/python3/dist-packages/colcon_core/task/python/colcon_distutils_commands:/src/task2/turtle_draw/install/turtle_draw/lib/python3.10/site-packages:${PYTHONPATH} /usr/bin/python3 -W ignore:setup.py install is deprecated -W ignore:easy_install command is deprecated setup.py egg_info --egg-base build/turtle_draw build --build-base /src/task2/turtle_draw/build/turtle_draw/build install --record /src/task2/turtle_draw/build/turtle_draw/install.log --single-version-externally-managed install_data
