running egg_info
writing build/turtle_draw/turtle_draw.egg-info/PKG-INFO
writing dependency_links to build/turtle_draw/turtle_draw.egg-info/dependency_links.txt
writing entry points to build/turtle_draw/turtle_draw.egg-info/entry_points.txt
writing requirements to build/turtle_draw/turtle_draw.egg-info/requires.txt
writing top-level names to build/turtle_draw/turtle_draw.egg-info/top_level.txt
reading manifest file 'build/turtle_draw/turtle_draw.egg-info/SOURCES.txt'
writing manifest file 'build/turtle_draw/turtle_draw.egg-info/SOURCES.txt'
running build
running build_py
running install
running install_lib
creating /home/dhruv/Dhruv-Reddy-Salla-2025A4PS0430H-2025-sem1-cni-inductions/src/task2/turtle_draw/install/turtle_draw/lib/python3.12/site-packages/turtle_draw
copying /home/dhruv/Dhruv-Reddy-Salla-2025A4PS0430H-2025-sem1-cni-inductions/src/task2/turtle_draw/build/turtle_draw/build/lib/turtle_draw/__init__.py -> /home/dhruv/Dhruv-Reddy-Salla-2025A4PS0430H-2025-sem1-cni-inductions/src/task2/turtle_draw/install/turtle_draw/lib/python3.12/site-packages/turtle_draw
copying /home/dhruv/Dhruv-Reddy-Salla-2025A4PS0430H-2025-sem1-cni-inductions/src/task2/turtle_draw/build/turtle_draw/build/lib/turtle_draw/circle_drawer.py -> /home/dhruv/Dhruv-Reddy-Salla-2025A4PS0430H-2025-sem1-cni-inductions/src/task2/turtle_draw/install/turtle_draw/lib/python3.12/site-packages/turtle_draw
byte-compiling /home/dhruv/Dhruv-Reddy-Salla-2025A4PS0430H-2025-sem1-cni-inductions/src/task2/turtle_draw/install/turtle_draw/lib/python3.12/site-packages/turtle_draw/__init__.py to __init__.cpython-312.pyc
byte-compiling /home/dhruv/Dhruv-Reddy-Salla-2025A4PS0430H-2025-sem1-cni-inductions/src/task2/turtle_draw/install/turtle_draw/lib/python3.12/site-packages/turtle_draw/circle_drawer.py to circle_drawer.cpython-312.pyc
running install_data
running install_egg_info
Copying build/turtle_draw/turtle_draw.egg-info to /home/dhruv/Dhruv-Reddy-Salla-2025A4PS0430H-2025-sem1-cni-inductions/src/task2/turtle_draw/install/turtle_draw/lib/python3.12/site-packages/turtle_draw-0.0.0-py3.12.egg-info
running install_scripts
Installing circle_drawer script to /home/dhruv/Dhruv-Reddy-Salla-2025A4PS0430H-2025-sem1-cni-inductions/src/task2/turtle_draw/install/turtle_draw/lib/turtle_draw
writing list of installed files to '/home/dhruv/Dhruv-Reddy-Salla-2025A4PS0430H-2025-sem1-cni-inductions/src/task2/turtle_draw/build/turtle_draw/install.log'
