[1.023s] Invoking command in '/home/dhruv/Dhruv-Reddy-Salla-2025A4PS0430H-2025-sem1-cni-inductions/src/task2/turtle_draw': PYTHONPATH=/home/dhruv/Dhruv-Reddy-Salla-2025A4PS0430H-2025-sem1-cni-inductions/src/task2/turtle_draw/build/turtle_draw/prefix_override:/home/dhruv/Dhruv-Reddy-Salla-2025A4PS0430H-2025-sem1-cni-inductions/src/task2/turtle_draw/install/turtle_draw/lib/python3.12/site-packages: /usr/bin/python3 setup.py egg_info --egg-base build/turtle_draw build --build-base /home/dhruv/Dhruv-Reddy-Salla-2025A4PS0430H-2025-sem1-cni-inductions/src/task2/turtle_draw/build/turtle_draw/build install --record /home/dhruv/Dhruv-Reddy-Salla-2025A4PS0430H-2025-sem1-cni-inductions/src/task2/turtle_draw/build/turtle_draw/install.log --single-version-externally-managed
[1.227s] running egg_info
[1.234s] writing build/turtle_draw/turtle_draw.egg-info/PKG-INFO
[1.234s] writing dependency_links to build/turtle_draw/turtle_draw.egg-info/dependency_links.txt
[1.235s] writing entry points to build/turtle_draw/turtle_draw.egg-info/entry_points.txt
[1.235s] writing requirements to build/turtle_draw/turtle_draw.egg-info/requires.txt
[1.235s] writing top-level names to build/turtle_draw/turtle_draw.egg-info/top_level.txt
[1.250s] reading manifest file 'build/turtle_draw/turtle_draw.egg-info/SOURCES.txt'
[1.251s] writing manifest file 'build/turtle_draw/turtle_draw.egg-info/SOURCES.txt'
[1.252s] running build
[1.252s] running build_py
[1.252s] running install
[1.259s] /usr/lib/python3/dist-packages/setuptools/_distutils/cmd.py:66: SetuptoolsDeprecationWarning: setup.py install is deprecated.
[1.259s] !!
[1.259s] 
[1.260s]         ********************************************************************************
[1.260s]         Please avoid running ``setup.py`` directly.
[1.260s]         Instead, use pypa/build, pypa/installer or other
[1.260s]         standards-based tools.
[1.260s] 
[1.260s]         See https://blog.ganssle.io/articles/2021/10/setup-py-deprecated.html for details.
[1.260s]         ********************************************************************************
[1.260s] 
[1.260s] !!
[1.260s]   self.initialize_options()
[1.267s] running install_lib
[1.276s] creating /home/dhruv/Dhruv-Reddy-Salla-2025A4PS0430H-2025-sem1-cni-inductions/src/task2/turtle_draw/install/turtle_draw/lib/python3.12/site-packages/turtle_draw
[1.276s] copying /home/dhruv/Dhruv-Reddy-Salla-2025A4PS0430H-2025-sem1-cni-inductions/src/task2/turtle_draw/build/turtle_draw/build/lib/turtle_draw/__init__.py -> /home/dhruv/Dhruv-Reddy-Salla-2025A4PS0430H-2025-sem1-cni-inductions/src/task2/turtle_draw/install/turtle_draw/lib/python3.12/site-packages/turtle_draw
[1.277s] copying /home/dhruv/Dhruv-Reddy-Salla-2025A4PS0430H-2025-sem1-cni-inductions/src/task2/turtle_draw/build/turtle_draw/build/lib/turtle_draw/circle_drawer.py -> /home/dhruv/Dhruv-Reddy-Salla-2025A4PS0430H-2025-sem1-cni-inductions/src/task2/turtle_draw/install/turtle_draw/lib/python3.12/site-packages/turtle_draw
[1.277s] byte-compiling /home/dhruv/Dhruv-Reddy-Salla-2025A4PS0430H-2025-sem1-cni-inductions/src/task2/turtle_draw/install/turtle_draw/lib/python3.12/site-packages/turtle_draw/__init__.py to __init__.cpython-312.pyc
[1.278s] byte-compiling /home/dhruv/Dhruv-Reddy-Salla-2025A4PS0430H-2025-sem1-cni-inductions/src/task2/turtle_draw/install/turtle_draw/lib/python3.12/site-packages/turtle_draw/circle_drawer.py to circle_drawer.cpython-312.pyc
[1.279s] running install_data
[1.287s] running install_egg_info
[1.297s] Copying build/turtle_draw/turtle_draw.egg-info to /home/dhruv/Dhruv-Reddy-Salla-2025A4PS0430H-2025-sem1-cni-inductions/src/task2/turtle_draw/install/turtle_draw/lib/python3.12/site-packages/turtle_draw-0.0.0-py3.12.egg-info
[1.299s] running install_scripts
[1.379s] Installing circle_drawer script to /home/dhruv/Dhruv-Reddy-Salla-2025A4PS0430H-2025-sem1-cni-inductions/src/task2/turtle_draw/install/turtle_draw/lib/turtle_draw
[1.379s] writing list of installed files to '/home/dhruv/Dhruv-Reddy-Salla-2025A4PS0430H-2025-sem1-cni-inductions/src/task2/turtle_draw/build/turtle_draw/install.log'
[1.418s] Invoked command in '/home/dhruv/Dhruv-Reddy-Salla-2025A4PS0430H-2025-sem1-cni-inductions/src/task2/turtle_draw' returned '0': PYTHONPATH=/home/dhruv/Dhruv-Reddy-Salla-2025A4PS0430H-2025-sem1-cni-inductions/src/task2/turtle_draw/build/turtle_draw/prefix_override:/home/dhruv/Dhruv-Reddy-Salla-2025A4PS0430H-2025-sem1-cni-inductions/src/task2/turtle_draw/install/turtle_draw/lib/python3.12/site-packages: /usr/bin/python3 setup.py egg_info --egg-base build/turtle_draw build --build-base /home/dhruv/Dhruv-Reddy-Salla-2025A4PS0430H-2025-sem1-cni-inductions/src/task2/turtle_draw/build/turtle_draw/build install --record /home/dhruv/Dhruv-Reddy-Salla-2025A4PS0430H-2025-sem1-cni-inductions/src/task2/turtle_draw/build/turtle_draw/install.log --single-version-externally-managed
