running egg_info
writing build/turtle_draw/turtle_draw.egg-info/PKG-INFO
writing dependency_links to build/turtle_draw/turtle_draw.egg-info/dependency_links.txt
writing entry points to build/turtle_draw/turtle_draw.egg-info/entry_points.txt
writing requirements to build/turtle_draw/turtle_draw.egg-info/requires.txt
writing top-level names to build/turtle_draw/turtle_draw.egg-info/top_level.txt
reading manifest file 'build/turtle_draw/turtle_draw.egg-info/SOURCES.txt'
writing manifest file 'build/turtle_draw/turtle_draw.egg-info/SOURCES.txt'
running build
running build_py
copying turtle_draw/boids_swarm.py -> /src/task3/turtle_draw/build/turtle_draw/build/lib/turtle_draw
running install
running install_lib
copying /src/task3/turtle_draw/build/turtle_draw/build/lib/turtle_draw/boids_swarm.py -> /src/task3/turtle_draw/install/turtle_draw/lib/python3.10/site-packages/turtle_draw
byte-compiling /src/task3/turtle_draw/install/turtle_draw/lib/python3.10/site-packages/turtle_draw/boids_swarm.py to boids_swarm.cpython-310.pyc
running install_data
running install_egg_info
removing '/src/task3/turtle_draw/install/turtle_draw/lib/python3.10/site-packages/turtle_draw-0.0.0-py3.10.egg-info' (and everything under it)
Copying build/turtle_draw/turtle_draw.egg-info to /src/task3/turtle_draw/install/turtle_draw/lib/python3.10/site-packages/turtle_draw-0.0.0-py3.10.egg-info
running install_scripts
Installing boids_swarm script to /src/task3/turtle_draw/install/turtle_draw/lib/turtle_draw
writing list of installed files to '/src/task3/turtle_draw/build/turtle_draw/install.log'
