[0.211s] DEBUG:colcon:Command line arguments: ['/usr/bin/colcon', 'build']
[0.211s] DEBUG:colcon:Parsed command line arguments: Namespace(log_base=None, log_level=None, verb_name='build', build_base='build', install_base='install', merge_install=False, symlink_install=False, test_result_base=None, continue_on_error=False, executor='parallel', parallel_workers=12, event_handlers=None, ignore_user_meta=False, metas=['./colcon.meta'], base_paths=['.'], packages_ignore=None, packages_ignore_regex=None, paths=None, packages_up_to=None, packages_up_to_regex=None, packages_above=None, packages_above_and_dependencies=None, packages_above_depth=None, packages_select_by_dep=None, packages_skip_by_dep=None, packages_skip_up_to=None, packages_select_build_failed=False, packages_skip_build_finished=False, packages_select_test_failures=False, packages_skip_test_passed=False, packages_select=None, packages_skip=None, packages_select_regex=None, packages_skip_regex=None, packages_start=None, packages_end=None, cmake_args=None, cmake_target=None, cmake_target_skip_unavailable=False, cmake_clean_cache=False, cmake_clean_first=False, cmake_force_configure=False, ament_cmake_args=None, catkin_cmake_args=None, catkin_skip_building_tests=False, mixin_files=None, mixin=None, verb_parser=<colcon_mixin.mixin.mixin_argument.MixinArgumentDecorator object at 0x7fb4d6119990>, verb_extension=<colcon_core.verb.build.BuildVerb object at 0x7fb4d6119300>, main=<bound method BuildVerb.main of <colcon_core.verb.build.BuildVerb object at 0x7fb4d6119300>>, mixin_verb=('build',))
[0.430s] Level 1:colcon.colcon_core.package_discovery:discover_packages(colcon_meta) check parameters
[0.432s] INFO:colcon.colcon_metadata.package_discovery.colcon_meta:Using configuration from '/root/.colcon/metadata/default/Gazebo.meta'
[0.433s] INFO:colcon.colcon_metadata.package_discovery.colcon_meta:Using configuration from '/root/.colcon/metadata/default/fastdds.meta'
[0.434s] INFO:colcon.colcon_metadata.package_discovery.colcon_meta:Using configuration from '/root/.colcon/metadata/default/fastrtps.meta'
[0.434s] Level 1:colcon.colcon_core.package_discovery:discover_packages(recursive) check parameters
[0.434s] Level 1:colcon.colcon_core.package_discovery:discover_packages(ignore) check parameters
[0.434s] Level 1:colcon.colcon_core.package_discovery:discover_packages(path) check parameters
[0.434s] Level 1:colcon.colcon_core.package_discovery:discover_packages(colcon_meta) discover
[0.434s] Level 1:colcon.colcon_core.package_discovery:discover_packages(recursive) discover
[0.434s] INFO:colcon.colcon_core.package_discovery:Crawling recursively for packages in '/src'
[0.434s] Level 1:colcon.colcon_core.package_identification:_identify(.) by extensions ['ignore', 'ignore_ament_install']
[0.434s] Level 1:colcon.colcon_core.package_identification:_identify(.) by extension 'ignore'
[0.434s] Level 1:colcon.colcon_core.package_identification:_identify(.) by extension 'ignore_ament_install'
[0.434s] Level 1:colcon.colcon_core.package_identification:_identify(.) by extensions ['colcon_pkg']
[0.434s] Level 1:colcon.colcon_core.package_identification:_identify(.) by extension 'colcon_pkg'
[0.435s] Level 1:colcon.colcon_core.package_identification:_identify(.) by extensions ['colcon_meta']
[0.435s] Level 1:colcon.colcon_core.package_identification:_identify(.) by extension 'colcon_meta'
[0.435s] Level 1:colcon.colcon_core.package_identification:_identify(.) by extensions ['ros']
[0.435s] Level 1:colcon.colcon_core.package_identification:_identify(.) by extension 'ros'
[0.451s] Level 1:colcon.colcon_core.package_identification:_identify(.) by extensions ['cmake', 'python']
[0.451s] Level 1:colcon.colcon_core.package_identification:_identify(.) by extension 'cmake'
[0.451s] Level 1:colcon.colcon_core.package_identification:_identify(.) by extension 'python'
[0.451s] Level 1:colcon.colcon_core.package_identification:_identify(.) by extensions ['python_setup_py']
[0.451s] Level 1:colcon.colcon_core.package_identification:_identify(.) by extension 'python_setup_py'
[0.451s] Level 1:colcon.colcon_core.package_identification:_identify(Task1) by extensions ['ignore', 'ignore_ament_install']
[0.451s] Level 1:colcon.colcon_core.package_identification:_identify(Task1) by extension 'ignore'
[0.451s] Level 1:colcon.colcon_core.package_identification:_identify(Task1) by extension 'ignore_ament_install'
[0.452s] Level 1:colcon.colcon_core.package_identification:_identify(Task1) by extensions ['colcon_pkg']
[0.452s] Level 1:colcon.colcon_core.package_identification:_identify(Task1) by extension 'colcon_pkg'
[0.452s] Level 1:colcon.colcon_core.package_identification:_identify(Task1) by extensions ['colcon_meta']
[0.452s] Level 1:colcon.colcon_core.package_identification:_identify(Task1) by extension 'colcon_meta'
[0.452s] Level 1:colcon.colcon_core.package_identification:_identify(Task1) by extensions ['ros']
[0.452s] Level 1:colcon.colcon_core.package_identification:_identify(Task1) by extension 'ros'
[0.452s] Level 1:colcon.colcon_core.package_identification:_identify(Task1) by extensions ['cmake', 'python']
[0.452s] Level 1:colcon.colcon_core.package_identification:_identify(Task1) by extension 'cmake'
[0.452s] Level 1:colcon.colcon_core.package_identification:_identify(Task1) by extension 'python'
[0.452s] Level 1:colcon.colcon_core.package_identification:_identify(Task1) by extensions ['python_setup_py']
[0.452s] Level 1:colcon.colcon_core.package_identification:_identify(Task1) by extension 'python_setup_py'
[0.452s] Level 1:colcon.colcon_core.package_identification:_identify(build) by extensions ['ignore', 'ignore_ament_install']
[0.452s] Level 1:colcon.colcon_core.package_identification:_identify(build) by extension 'ignore'
[0.453s] Level 1:colcon.colcon_core.package_identification:_identify(build) ignored
[0.453s] Level 1:colcon.colcon_core.package_identification:_identify(example-submission) by extensions ['ignore', 'ignore_ament_install']
[0.453s] Level 1:colcon.colcon_core.package_identification:_identify(example-submission) by extension 'ignore'
[0.453s] Level 1:colcon.colcon_core.package_identification:_identify(example-submission) by extension 'ignore_ament_install'
[0.453s] Level 1:colcon.colcon_core.package_identification:_identify(example-submission) by extensions ['colcon_pkg']
[0.453s] Level 1:colcon.colcon_core.package_identification:_identify(example-submission) by extension 'colcon_pkg'
[0.453s] Level 1:colcon.colcon_core.package_identification:_identify(example-submission) by extensions ['colcon_meta']
[0.453s] Level 1:colcon.colcon_core.package_identification:_identify(example-submission) by extension 'colcon_meta'
[0.453s] Level 1:colcon.colcon_core.package_identification:_identify(example-submission) by extensions ['ros']
[0.453s] Level 1:colcon.colcon_core.package_identification:_identify(example-submission) by extension 'ros'
[0.453s] Level 1:colcon.colcon_core.package_identification:_identify(example-submission) by extensions ['cmake', 'python']
[0.453s] Level 1:colcon.colcon_core.package_identification:_identify(example-submission) by extension 'cmake'
[0.453s] Level 1:colcon.colcon_core.package_identification:_identify(example-submission) by extension 'python'
[0.454s] Level 1:colcon.colcon_core.package_identification:_identify(example-submission) by extensions ['python_setup_py']
[0.454s] Level 1:colcon.colcon_core.package_identification:_identify(example-submission) by extension 'python_setup_py'
[0.454s] Level 1:colcon.colcon_core.package_identification:_identify(example-submission/turtle_draw) by extensions ['ignore', 'ignore_ament_install']
[0.454s] Level 1:colcon.colcon_core.package_identification:_identify(example-submission/turtle_draw) by extension 'ignore'
[0.454s] Level 1:colcon.colcon_core.package_identification:_identify(example-submission/turtle_draw) by extension 'ignore_ament_install'
[0.454s] Level 1:colcon.colcon_core.package_identification:_identify(example-submission/turtle_draw) by extensions ['colcon_pkg']
[0.454s] Level 1:colcon.colcon_core.package_identification:_identify(example-submission/turtle_draw) by extension 'colcon_pkg'
[0.454s] Level 1:colcon.colcon_core.package_identification:_identify(example-submission/turtle_draw) by extensions ['colcon_meta']
[0.454s] Level 1:colcon.colcon_core.package_identification:_identify(example-submission/turtle_draw) by extension 'colcon_meta'
[0.454s] Level 1:colcon.colcon_core.package_identification:_identify(example-submission/turtle_draw) by extensions ['ros']
[0.454s] Level 1:colcon.colcon_core.package_identification:_identify(example-submission/turtle_draw) by extension 'ros'
[0.459s] DEBUG:colcon.colcon_core.package_identification:Package 'example-submission/turtle_draw' with type 'ros.ament_python' and name 'turtle_draw'
[0.459s] Level 1:colcon.colcon_core.package_identification:_identify(install) by extensions ['ignore', 'ignore_ament_install']
[0.459s] Level 1:colcon.colcon_core.package_identification:_identify(install) by extension 'ignore'
[0.459s] Level 1:colcon.colcon_core.package_identification:_identify(install) ignored
[0.459s] Level 1:colcon.colcon_core.package_identification:_identify(log) by extensions ['ignore', 'ignore_ament_install']
[0.459s] Level 1:colcon.colcon_core.package_identification:_identify(log) by extension 'ignore'
[0.460s] Level 1:colcon.colcon_core.package_identification:_identify(log) ignored
[0.460s] Level 1:colcon.colcon_core.package_identification:_identify(task2) by extensions ['ignore', 'ignore_ament_install']
[0.460s] Level 1:colcon.colcon_core.package_identification:_identify(task2) by extension 'ignore'
[0.460s] Level 1:colcon.colcon_core.package_identification:_identify(task2) by extension 'ignore_ament_install'
[0.460s] Level 1:colcon.colcon_core.package_identification:_identify(task2) by extensions ['colcon_pkg']
[0.460s] Level 1:colcon.colcon_core.package_identification:_identify(task2) by extension 'colcon_pkg'
[0.460s] Level 1:colcon.colcon_core.package_identification:_identify(task2) by extensions ['colcon_meta']
[0.460s] Level 1:colcon.colcon_core.package_identification:_identify(task2) by extension 'colcon_meta'
[0.460s] Level 1:colcon.colcon_core.package_identification:_identify(task2) by extensions ['ros']
[0.460s] Level 1:colcon.colcon_core.package_identification:_identify(task2) by extension 'ros'
[0.460s] Level 1:colcon.colcon_core.package_identification:_identify(task2) by extensions ['cmake', 'python']
[0.460s] Level 1:colcon.colcon_core.package_identification:_identify(task2) by extension 'cmake'
[0.460s] Level 1:colcon.colcon_core.package_identification:_identify(task2) by extension 'python'
[0.461s] Level 1:colcon.colcon_core.package_identification:_identify(task2) by extensions ['python_setup_py']
[0.461s] Level 1:colcon.colcon_core.package_identification:_identify(task2) by extension 'python_setup_py'
[0.461s] Level 1:colcon.colcon_core.package_identification:_identify(task2/build) by extensions ['ignore', 'ignore_ament_install']
[0.461s] Level 1:colcon.colcon_core.package_identification:_identify(task2/build) by extension 'ignore'
[0.461s] Level 1:colcon.colcon_core.package_identification:_identify(task2/build) ignored
[0.461s] Level 1:colcon.colcon_core.package_identification:_identify(task2/install) by extensions ['ignore', 'ignore_ament_install']
[0.461s] Level 1:colcon.colcon_core.package_identification:_identify(task2/install) by extension 'ignore'
[0.461s] Level 1:colcon.colcon_core.package_identification:_identify(task2/install) ignored
[0.461s] Level 1:colcon.colcon_core.package_identification:_identify(task2/log) by extensions ['ignore', 'ignore_ament_install']
[0.461s] Level 1:colcon.colcon_core.package_identification:_identify(task2/log) by extension 'ignore'
[0.461s] Level 1:colcon.colcon_core.package_identification:_identify(task2/log) ignored
[0.462s] Level 1:colcon.colcon_core.package_identification:_identify(task2/turtle_draw) by extensions ['ignore', 'ignore_ament_install']
[0.462s] Level 1:colcon.colcon_core.package_identification:_identify(task2/turtle_draw) by extension 'ignore'
[0.462s] Level 1:colcon.colcon_core.package_identification:_identify(task2/turtle_draw) by extension 'ignore_ament_install'
[0.462s] Level 1:colcon.colcon_core.package_identification:_identify(task2/turtle_draw) by extensions ['colcon_pkg']
[0.462s] Level 1:colcon.colcon_core.package_identification:_identify(task2/turtle_draw) by extension 'colcon_pkg'
[0.462s] Level 1:colcon.colcon_core.package_identification:_identify(task2/turtle_draw) by extensions ['colcon_meta']
[0.462s] Level 1:colcon.colcon_core.package_identification:_identify(task2/turtle_draw) by extension 'colcon_meta'
[0.462s] Level 1:colcon.colcon_core.package_identification:_identify(task2/turtle_draw) by extensions ['ros']
[0.462s] Level 1:colcon.colcon_core.package_identification:_identify(task2/turtle_draw) by extension 'ros'
[0.463s] DEBUG:colcon.colcon_core.package_identification:Package 'task2/turtle_draw' with type 'ros.ament_python' and name 'turtle_draw'
[0.464s] Level 1:colcon.colcon_core.package_identification:_identify(task3) by extensions ['ignore', 'ignore_ament_install']
[0.464s] Level 1:colcon.colcon_core.package_identification:_identify(task3) by extension 'ignore'
[0.464s] Level 1:colcon.colcon_core.package_identification:_identify(task3) by extension 'ignore_ament_install'
[0.464s] Level 1:colcon.colcon_core.package_identification:_identify(task3) by extensions ['colcon_pkg']
[0.464s] Level 1:colcon.colcon_core.package_identification:_identify(task3) by extension 'colcon_pkg'
[0.464s] Level 1:colcon.colcon_core.package_identification:_identify(task3) by extensions ['colcon_meta']
[0.464s] Level 1:colcon.colcon_core.package_identification:_identify(task3) by extension 'colcon_meta'
[0.464s] Level 1:colcon.colcon_core.package_identification:_identify(task3) by extensions ['ros']
[0.464s] Level 1:colcon.colcon_core.package_identification:_identify(task3) by extension 'ros'
[0.464s] Level 1:colcon.colcon_core.package_identification:_identify(task3) by extensions ['cmake', 'python']
[0.464s] Level 1:colcon.colcon_core.package_identification:_identify(task3) by extension 'cmake'
[0.464s] Level 1:colcon.colcon_core.package_identification:_identify(task3) by extension 'python'
[0.464s] Level 1:colcon.colcon_core.package_identification:_identify(task3) by extensions ['python_setup_py']
[0.464s] Level 1:colcon.colcon_core.package_identification:_identify(task3) by extension 'python_setup_py'
[0.465s] Level 1:colcon.colcon_core.package_identification:_identify(task3/turtle_swarm) by extensions ['ignore', 'ignore_ament_install']
[0.465s] Level 1:colcon.colcon_core.package_identification:_identify(task3/turtle_swarm) by extension 'ignore'
[0.465s] Level 1:colcon.colcon_core.package_identification:_identify(task3/turtle_swarm) by extension 'ignore_ament_install'
[0.465s] Level 1:colcon.colcon_core.package_identification:_identify(task3/turtle_swarm) by extensions ['colcon_pkg']
[0.465s] Level 1:colcon.colcon_core.package_identification:_identify(task3/turtle_swarm) by extension 'colcon_pkg'
[0.465s] Level 1:colcon.colcon_core.package_identification:_identify(task3/turtle_swarm) by extensions ['colcon_meta']
[0.465s] Level 1:colcon.colcon_core.package_identification:_identify(task3/turtle_swarm) by extension 'colcon_meta'
[0.465s] Level 1:colcon.colcon_core.package_identification:_identify(task3/turtle_swarm) by extensions ['ros']
[0.465s] Level 1:colcon.colcon_core.package_identification:_identify(task3/turtle_swarm) by extension 'ros'
[0.466s] DEBUG:colcon.colcon_core.package_identification:Package 'task3/turtle_swarm' with type 'ros.ament_python' and name 'turtle_swarm'
[0.466s] Level 1:colcon.colcon_core.package_discovery:discover_packages(recursive) using defaults
[0.466s] Level 1:colcon.colcon_core.package_discovery:discover_packages(ignore) discover
[0.466s] Level 1:colcon.colcon_core.package_discovery:discover_packages(ignore) using defaults
[0.466s] Level 1:colcon.colcon_core.package_discovery:discover_packages(path) discover
[0.466s] Level 1:colcon.colcon_core.package_discovery:discover_packages(path) using defaults
[0.499s] ERROR:colcon:colcon build: Duplicate package names not supported:
- turtle_draw:
  - example-submission/turtle_draw
  - task2/turtle_draw
