[0.801s] Invoking command in '/src/task2/turtle_draw': PYTHONPATH=/src/task2/turtle_draw/build/turtle_draw/prefix_override:/usr/lib/python3/dist-packages/colcon_core/task/python/colcon_distutils_commands:/src/task2/turtle_draw/install/turtle_draw/lib/python3.10/site-packages:${PYTHONPATH} /usr/bin/python3 -W ignore:setup.py install is deprecated -W ignore:easy_install command is deprecated setup.py egg_info --egg-base build/turtle_draw build --build-base /src/task2/turtle_draw/build/turtle_draw/build install --record /src/task2/turtle_draw/build/turtle_draw/install.log --single-version-externally-managed install_data
[1.080s] running egg_info
[1.081s] creating build/turtle_draw/turtle_draw.egg-info
[1.081s] writing build/turtle_draw/turtle_draw.egg-info/PKG-INFO
[1.081s] writing dependency_links to build/turtle_draw/turtle_draw.egg-info/dependency_links.txt
[1.081s] writing entry points to build/turtle_draw/turtle_draw.egg-info/entry_points.txt
[1.082s] writing requirements to build/turtle_draw/turtle_draw.egg-info/requires.txt
[1.082s] writing top-level names to build/turtle_draw/turtle_draw.egg-info/top_level.txt
[1.082s] writing manifest file 'build/turtle_draw/turtle_draw.egg-info/SOURCES.txt'
[1.083s] reading manifest file 'build/turtle_draw/turtle_draw.egg-info/SOURCES.txt'
[1.084s] writing manifest file 'build/turtle_draw/turtle_draw.egg-info/SOURCES.txt'
[1.084s] running build
[1.085s] running build_py
[1.085s] creating /src/task2/turtle_draw/build/turtle_draw/build
[1.085s] creating /src/task2/turtle_draw/build/turtle_draw/build/lib
[1.085s] creating /src/task2/turtle_draw/build/turtle_draw/build/lib/turtle_draw
[1.085s] copying turtle_draw/circle_drawer.py -> /src/task2/turtle_draw/build/turtle_draw/build/lib/turtle_draw
[1.085s] copying turtle_draw/__init__.py -> /src/task2/turtle_draw/build/turtle_draw/build/lib/turtle_draw
[1.085s] running install
[1.085s] running install_lib
[1.086s] creating /src/task2/turtle_draw/install/turtle_draw/lib/python3.10/site-packages/turtle_draw
[1.086s] copying /src/task2/turtle_draw/build/turtle_draw/build/lib/turtle_draw/circle_drawer.py -> /src/task2/turtle_draw/install/turtle_draw/lib/python3.10/site-packages/turtle_draw
[1.087s] copying /src/task2/turtle_draw/build/turtle_draw/build/lib/turtle_draw/__init__.py -> /src/task2/turtle_draw/install/turtle_draw/lib/python3.10/site-packages/turtle_draw
[1.087s] byte-compiling /src/task2/turtle_draw/install/turtle_draw/lib/python3.10/site-packages/turtle_draw/circle_drawer.py to circle_drawer.cpython-310.pyc
[1.088s] byte-compiling /src/task2/turtle_draw/install/turtle_draw/lib/python3.10/site-packages/turtle_draw/__init__.py to __init__.cpython-310.pyc
[1.088s] running install_data
[1.088s] creating /src/task2/turtle_draw/install/turtle_draw/share/ament_index
[1.089s] creating /src/task2/turtle_draw/install/turtle_draw/share/ament_index/resource_index
[1.089s] creating /src/task2/turtle_draw/install/turtle_draw/share/ament_index/resource_index/packages
[1.089s] copying resource/turtle_draw -> /src/task2/turtle_draw/install/turtle_draw/share/ament_index/resource_index/packages
[1.089s] copying package.xml -> /src/task2/turtle_draw/install/turtle_draw/share/turtle_draw
[1.089s] running install_egg_info
[1.091s] Copying build/turtle_draw/turtle_draw.egg-info to /src/task2/turtle_draw/install/turtle_draw/lib/python3.10/site-packages/turtle_draw-0.0.0-py3.10.egg-info
[1.092s] running install_scripts
[1.119s] Installing circle_drawer script to /src/task2/turtle_draw/install/turtle_draw/lib/turtle_draw
[1.119s] writing list of installed files to '/src/task2/turtle_draw/build/turtle_draw/install.log'
[1.146s] Invoked command in '/src/task2/turtle_draw' returned '0': PYTHONPATH=/src/task2/turtle_draw/build/turtle_draw/prefix_override:/usr/lib/python3/dist-packages/colcon_core/task/python/colcon_distutils_commands:/src/task2/turtle_draw/install/turtle_draw/lib/python3.10/site-packages:${PYTHONPATH} /usr/bin/python3 -W ignore:setup.py install is deprecated -W ignore:easy_install command is deprecated setup.py egg_info --egg-base build/turtle_draw build --build-base /src/task2/turtle_draw/build/turtle_draw/build install --record /src/task2/turtle_draw/build/turtle_draw/install.log --single-version-externally-managed install_data
