[0.376s] Invoking command in '/src/task2/turtle_draw': PYTHONPATH=/src/build/turtle_draw/prefix_override:/usr/lib/python3/dist-packages/colcon_core/task/python/colcon_distutils_commands:/src/install/turtle_draw/lib/python3.10/site-packages:${PYTHONPATH} /usr/bin/python3 -W ignore:setup.py install is deprecated -W ignore:easy_install command is deprecated setup.py egg_info --egg-base ../../build/turtle_draw build --build-base /src/build/turtle_draw/build install --record /src/build/turtle_draw/install.log --single-version-externally-managed install_data
[0.522s] running egg_info
[0.522s] creating ../../build/turtle_draw/turtle_draw.egg-info
[0.522s] writing ../../build/turtle_draw/turtle_draw.egg-info/PKG-INFO
[0.522s] writing dependency_links to ../../build/turtle_draw/turtle_draw.egg-info/dependency_links.txt
[0.522s] writing entry points to ../../build/turtle_draw/turtle_draw.egg-info/entry_points.txt
[0.522s] writing requirements to ../../build/turtle_draw/turtle_draw.egg-info/requires.txt
[0.522s] writing top-level names to ../../build/turtle_draw/turtle_draw.egg-info/top_level.txt
[0.523s] writing manifest file '../../build/turtle_draw/turtle_draw.egg-info/SOURCES.txt'
[0.524s] reading manifest file '../../build/turtle_draw/turtle_draw.egg-info/SOURCES.txt'
[0.524s] writing manifest file '../../build/turtle_draw/turtle_draw.egg-info/SOURCES.txt'
[0.524s] running build
[0.524s] running build_py
[0.525s] creating /src/build/turtle_draw/build
[0.525s] creating /src/build/turtle_draw/build/lib
[0.525s] creating /src/build/turtle_draw/build/lib/turtle_draw
[0.525s] copying turtle_draw/circle_drawer.py -> /src/build/turtle_draw/build/lib/turtle_draw
[0.525s] copying turtle_draw/__init__.py -> /src/build/turtle_draw/build/lib/turtle_draw
[0.525s] running install
[0.525s] running install_lib
[0.525s] creating /src/install/turtle_draw/lib/python3.10/site-packages/turtle_draw
[0.525s] copying /src/build/turtle_draw/build/lib/turtle_draw/circle_drawer.py -> /src/install/turtle_draw/lib/python3.10/site-packages/turtle_draw
[0.525s] copying /src/build/turtle_draw/build/lib/turtle_draw/__init__.py -> /src/install/turtle_draw/lib/python3.10/site-packages/turtle_draw
[0.526s] byte-compiling /src/install/turtle_draw/lib/python3.10/site-packages/turtle_draw/circle_drawer.py to circle_drawer.cpython-310.pyc
[0.526s] byte-compiling /src/install/turtle_draw/lib/python3.10/site-packages/turtle_draw/__init__.py to __init__.cpython-310.pyc
[0.527s] running install_data
[0.527s] creating /src/install/turtle_draw/share/ament_index
[0.527s] creating /src/install/turtle_draw/share/ament_index/resource_index
[0.527s] creating /src/install/turtle_draw/share/ament_index/resource_index/packages
[0.527s] copying resource/turtle_draw -> /src/install/turtle_draw/share/ament_index/resource_index/packages
[0.527s] copying package.xml -> /src/install/turtle_draw/share/turtle_draw
[0.527s] running install_egg_info
[0.528s] Copying ../../build/turtle_draw/turtle_draw.egg-info to /src/install/turtle_draw/lib/python3.10/site-packages/turtle_draw-0.0.0-py3.10.egg-info
[0.529s] running install_scripts
[0.544s] Installing circle_drawer script to /src/install/turtle_draw/lib/turtle_draw
[0.545s] writing list of installed files to '/src/build/turtle_draw/install.log'
[0.560s] Invoked command in '/src/task2/turtle_draw' returned '0': PYTHONPATH=/src/build/turtle_draw/prefix_override:/usr/lib/python3/dist-packages/colcon_core/task/python/colcon_distutils_commands:/src/install/turtle_draw/lib/python3.10/site-packages:${PYTHONPATH} /usr/bin/python3 -W ignore:setup.py install is deprecated -W ignore:easy_install command is deprecated setup.py egg_info --egg-base ../../build/turtle_draw build --build-base /src/build/turtle_draw/build install --record /src/build/turtle_draw/install.log --single-version-externally-managed install_data
