[0.436s] Invoking command in '/src/task3/swarm': PYTHONPATH=/src/task3/swarm/build/swarm/prefix_override:/usr/lib/python3/dist-packages/colcon_core/task/python/colcon_distutils_commands:/src/task3/swarm/install/swarm/lib/python3.10/site-packages:${PYTHONPATH} /usr/bin/python3 -W ignore:setup.py install is deprecated -W ignore:easy_install command is deprecated setup.py egg_info --egg-base build/swarm build --build-base /src/task3/swarm/build/swarm/build install --record /src/task3/swarm/build/swarm/install.log --single-version-externally-managed install_data
[0.597s] running egg_info
[0.597s] creating build/swarm/swarm.egg-info
[0.598s] writing build/swarm/swarm.egg-info/PKG-INFO
[0.598s] writing dependency_links to build/swarm/swarm.egg-info/dependency_links.txt
[0.598s] writing entry points to build/swarm/swarm.egg-info/entry_points.txt
[0.598s] writing requirements to build/swarm/swarm.egg-info/requires.txt
[0.598s] writing top-level names to build/swarm/swarm.egg-info/top_level.txt
[0.598s] writing manifest file 'build/swarm/swarm.egg-info/SOURCES.txt'
[0.599s] reading manifest file 'build/swarm/swarm.egg-info/SOURCES.txt'
[0.600s] writing manifest file 'build/swarm/swarm.egg-info/SOURCES.txt'
[0.600s] running build
[0.600s] running build_py
[0.600s] creating /src/task3/swarm/build/swarm/build
[0.600s] creating /src/task3/swarm/build/swarm/build/lib
[0.600s] creating /src/task3/swarm/build/swarm/build/lib/swarm
[0.600s] copying swarm/__init__.py -> /src/task3/swarm/build/swarm/build/lib/swarm
[0.600s] copying swarm/shawarma.py -> /src/task3/swarm/build/swarm/build/lib/swarm
[0.600s] running install
[0.601s] running install_lib
[0.601s] creating /src/task3/swarm/install/swarm/lib/python3.10/site-packages/swarm
[0.601s] copying /src/task3/swarm/build/swarm/build/lib/swarm/__init__.py -> /src/task3/swarm/install/swarm/lib/python3.10/site-packages/swarm
[0.601s] copying /src/task3/swarm/build/swarm/build/lib/swarm/shawarma.py -> /src/task3/swarm/install/swarm/lib/python3.10/site-packages/swarm
[0.602s] byte-compiling /src/task3/swarm/install/swarm/lib/python3.10/site-packages/swarm/__init__.py to __init__.cpython-310.pyc
[0.602s] byte-compiling /src/task3/swarm/install/swarm/lib/python3.10/site-packages/swarm/shawarma.py to shawarma.cpython-310.pyc
[0.603s] running install_data
[0.603s] creating /src/task3/swarm/install/swarm/share/ament_index
[0.603s] creating /src/task3/swarm/install/swarm/share/ament_index/resource_index
[0.603s] creating /src/task3/swarm/install/swarm/share/ament_index/resource_index/packages
[0.604s] copying resource/swarm -> /src/task3/swarm/install/swarm/share/ament_index/resource_index/packages
[0.604s] copying package.xml -> /src/task3/swarm/install/swarm/share/swarm
[0.604s] running install_egg_info
[0.606s] Copying build/swarm/swarm.egg-info to /src/task3/swarm/install/swarm/lib/python3.10/site-packages/swarm-0.0.0-py3.10.egg-info
[0.606s] running install_scripts
[0.626s] Installing swarm_cunt script to /src/task3/swarm/install/swarm/lib/swarm
[0.626s] writing list of installed files to '/src/task3/swarm/build/swarm/install.log'
[0.650s] Invoked command in '/src/task3/swarm' returned '0': PYTHONPATH=/src/task3/swarm/build/swarm/prefix_override:/usr/lib/python3/dist-packages/colcon_core/task/python/colcon_distutils_commands:/src/task3/swarm/install/swarm/lib/python3.10/site-packages:${PYTHONPATH} /usr/bin/python3 -W ignore:setup.py install is deprecated -W ignore:easy_install command is deprecated setup.py egg_info --egg-base build/swarm build --build-base /src/task3/swarm/build/swarm/build install --record /src/task3/swarm/build/swarm/install.log --single-version-externally-managed install_data
