[1.032s] Invoking command in '/src/task2/turtle_draw': PYTHONPATH=/src/build/turtle_draw/prefix_override:/usr/lib/python3/dist-packages/colcon_core/task/python/colcon_distutils_commands:/src/install/turtle_draw/lib/python3.10/site-packages:${PYTHONPATH} /usr/bin/python3 -W ignore:setup.py install is deprecated -W ignore:easy_install command is deprecated setup.py egg_info --egg-base ../../build/turtle_draw build --build-base /src/build/turtle_draw/build install --record /src/build/turtle_draw/install.log --single-version-externally-managed install_data
[1.288s] running egg_info
[1.289s] writing ../../build/turtle_draw/turtle_draw.egg-info/PKG-INFO
[1.289s] writing dependency_links to ../../build/turtle_draw/turtle_draw.egg-info/dependency_links.txt
[1.290s] writing entry points to ../../build/turtle_draw/turtle_draw.egg-info/entry_points.txt
[1.290s] writing requirements to ../../build/turtle_draw/turtle_draw.egg-info/requires.txt
[1.290s] writing top-level names to ../../build/turtle_draw/turtle_draw.egg-info/top_level.txt
[1.291s] reading manifest file '../../build/turtle_draw/turtle_draw.egg-info/SOURCES.txt'
[1.292s] writing manifest file '../../build/turtle_draw/turtle_draw.egg-info/SOURCES.txt'
[1.293s] running build
[1.293s] running build_py
[1.293s] running install
[1.293s] running install_lib
[1.295s] running install_data
[1.295s] running install_egg_info
[1.297s] removing '/src/install/turtle_draw/lib/python3.10/site-packages/turtle_draw-0.0.0-py3.10.egg-info' (and everything under it)
[1.297s] Copying ../../build/turtle_draw/turtle_draw.egg-info to /src/install/turtle_draw/lib/python3.10/site-packages/turtle_draw-0.0.0-py3.10.egg-info
[1.298s] running install_scripts
[1.325s] Installing circle_drawer script to /src/install/turtle_draw/lib/turtle_draw
[1.326s] writing list of installed files to '/src/build/turtle_draw/install.log'
[1.355s] Invoked command in '/src/task2/turtle_draw' returned '0': PYTHONPATH=/src/build/turtle_draw/prefix_override:/usr/lib/python3/dist-packages/colcon_core/task/python/colcon_distutils_commands:/src/install/turtle_draw/lib/python3.10/site-packages:${PYTHONPATH} /usr/bin/python3 -W ignore:setup.py install is deprecated -W ignore:easy_install command is deprecated setup.py egg_info --egg-base ../../build/turtle_draw build --build-base /src/build/turtle_draw/build install --record /src/build/turtle_draw/install.log --single-version-externally-managed install_data
